<?xml version="1.0" encoding="UTF-8"?>
<!-- Generated by org.testng.reporters.JUnitReportReporter -->
<testsuite hostname="DESKTOP-MREH9ID" failures="0" tests="1" name="tests.TwoTest" time="5.497" errors="0" timestamp="2025-01-26T17:33:04 IST" skipped="0">
  <testcase classname="tests.TwoTest" name="testTwo" time="5.497"/>
</testsuite> <!-- tests.TwoTest -->
