<?xml version="1.0" encoding="UTF-8"?>
<!-- Generated by org.testng.reporters.JUnitReportReporter -->
<testsuite hostname="DESKTOP-MREH9ID" failures="0" tests="1" name="tests.TwoTest" time="6.043" errors="0" timestamp="2025-01-26T21:44:01 IST" skipped="0">
  <testcase classname="tests.TwoTest" name="testTwo" time="6.043"/>
</testsuite> <!-- tests.TwoTest -->
