<?xml version="1.0" encoding="UTF-8"?>
<!-- Generated by org.testng.reporters.JUnitReportReporter -->
<testsuite hostname="DESKTOP-MREH9ID" failures="0" tests="2" name="tests.LoginTest" time="35.453" errors="0" timestamp="2025-01-26T21:44:01 IST" skipped="0">
  <testcase classname="tests.LoginTest" name="login" time="18.209"/>
  <testcase classname="tests.LoginTest" name="login" time="17.244"/>
</testsuite> <!-- tests.LoginTest -->
